{"C:\\Users\\marya\\Desktop\\projeto-amaris-consulting\\finished\\pokemon\\src\\jestGlobalMocks.ts": {"path":"C:\\Users\\marya\\Desktop\\projeto-amaris-consulting\\finished\\pokemon\\src\\jestGlobalMocks.ts","statementMap":{"0":{"start":{"line":1,"column":0},"end":{"line":8,"column":3}},"1":{"start":{"line":3,"column":4},"end":{"line":6,"column":6}}},"fnMap":{"0":{"name":"(anonymous_0)","decl":{"start":{"line":2,"column":9},"end":{"line":2,"column":12}},"loc":{"start":{"line":2,"column":14},"end":{"line":7,"column":3}}}},"branchMap":{},"s":{"0":1,"1":0},"f":{"0":0},"b":{}}
,"C:\\Users\\marya\\Desktop\\projeto-amaris-consulting\\finished\\pokemon\\src\\app\\shared\\service\\pokemon.service.ts": {"path":"C:\\Users\\marya\\Desktop\\projeto-amaris-consulting\\finished\\pokemon\\src\\app\\shared\\service\\pokemon.service.ts","statementMap":{"0":{"start":{"line":1,"column":0},"end":{"line":1,"column":63}},"1":{"start":{"line":2,"column":0},"end":{"line":2,"column":43}},"2":{"start":{"line":3,"column":0},"end":{"line":3,"column":50}},"3":{"start":{"line":5,"column":0},"end":{"line":5,"column":42}},"4":{"start":{"line":8,"column":16},"end":{"line":11,"column":2}},"5":{"start":{"line":13,"column":24},"end":{"line":13,"column":60}},"6":{"start":{"line":18,"column":0},"end":{"line":40,"column":null}},"7":{"start":{"line":20,"column":31},"end":{"line":20,"column":38}},"8":{"start":{"line":23,"column":4},"end":{"line":28,"column":8}},"9":{"start":{"line":26,"column":10},"end":{"line":26,"column":26}},"10":{"start":{"line":32,"column":4},"end":{"line":37,"column":8}},"11":{"start":{"line":35,"column":10},"end":{"line":35,"column":26}},"12":{"start":{"line":18,"column":13},"end":{"line":40,"column":null}},"13":{"start":{"line":18,"column":13},"end":{"line":18,"column":27}}},"fnMap":{"0":{"name":"(anonymous_0)","decl":{"start":{"line":20,"column":2},"end":{"line":20,"column":31}},"loc":{"start":{"line":20,"column":48},"end":{"line":20,"column":53}}},"1":{"name":"(anonymous_1)","decl":{"start":{"line":22,"column":2},"end":{"line":22,"column":13}},"loc":{"start":{"line":22,"column":13},"end":{"line":29,"column":3}}},"2":{"name":"(anonymous_2)","decl":{"start":{"line":25,"column":19},"end":{"line":25,"column":22}},"loc":{"start":{"line":25,"column":24},"end":{"line":27,"column":9}}},"3":{"name":"(anonymous_3)","decl":{"start":{"line":31,"column":2},"end":{"line":31,"column":19}},"loc":{"start":{"line":31,"column":32},"end":{"line":38,"column":3}}},"4":{"name":"(anonymous_4)","decl":{"start":{"line":34,"column":19},"end":{"line":34,"column":22}},"loc":{"start":{"line":34,"column":24},"end":{"line":36,"column":9}}}},"branchMap":{},"s":{"0":1,"1":1,"2":1,"3":1,"4":1,"5":1,"6":1,"7":4,"8":1,"9":0,"10":2,"11":0,"12":1,"13":1},"f":{"0":4,"1":1,"2":0,"3":2,"4":0},"b":{}}
}
