TN:
SF:src\jestGlobalMocks.ts
FN:2,(anonymous_0)
FNF:1
FNH:0
FNDA:0,(anonymous_0)
DA:1,1
DA:3,0
LF:2
LH:1
BRF:0
BRH:0
end_of_record
TN:
SF:src\app\shared\service\pokemon.service.ts
FN:20,(anonymous_0)
FN:22,(anonymous_1)
FN:25,(anonymous_2)
FN:31,(anonymous_3)
FN:34,(anonymous_4)
FNF:5
FNH:3
FNDA:4,(anonymous_0)
FNDA:1,(anonymous_1)
FNDA:0,(anonymous_2)
FNDA:2,(anonymous_3)
FNDA:0,(anonymous_4)
DA:1,1
DA:2,1
DA:3,1
DA:5,1
DA:8,1
DA:13,1
DA:18,1
DA:20,4
DA:23,1
DA:26,0
DA:32,2
DA:35,0
LF:12
LH:10
BRF:0
BRH:0
end_of_record
